Library/Bee/Android/Prj/IL2CPP/Gradle/unityLibrary/build/intermediates/manifest_merge_blame_file/release/manifest-merger-blame-release-report.txt
1<?xml version="1.0" encoding="utf-8"?>
2<manifest xmlns:android="http://schemas.android.com/apk/res/android"
3    xmlns:tools="http://schemas.android.com/tools"
4    package="com.unity3d.player"
5    android:installLocation="auto" >
6
7    <uses-sdk android:minSdkVersion="32" />
7-->src/main/AndroidManifest.xml
8
9    <uses-permission android:name="android.permission.INTERNET" />
9-->src/main/AndroidManifest.xml:3:3-65
9-->src/main/AndroidManifest.xml:3:20-62
10    <uses-permission android:name="android.permission.RECORD_AUDIO" />
10-->src/main/AndroidManifest.xml:4:3-69
10-->src/main/AndroidManifest.xml:4:20-66
11    <uses-permission android:name="android.permission.MODIFY_AUDIO_SETTINGS" />
11-->src/main/AndroidManifest.xml:5:3-78
11-->src/main/AndroidManifest.xml:5:20-75
12    <uses-permission android:name="android.permission.BLUETOOTH" />
12-->src/main/AndroidManifest.xml:6:3-66
12-->src/main/AndroidManifest.xml:6:20-63
13
14    <uses-feature
14-->src/main/AndroidManifest.xml:7:3-90
15        android:name="android.hardware.vulkan.version"
15-->src/main/AndroidManifest.xml:7:17-63
16        android:required="true" />
16-->src/main/AndroidManifest.xml:7:64-87
17    <uses-feature
17-->src/main/AndroidManifest.xml:8:3-87
18        android:name="android.hardware.microphone"
18-->src/main/AndroidManifest.xml:8:17-59
19        android:required="false" />
19-->src/main/AndroidManifest.xml:8:60-84
20    <uses-feature
20-->src/main/AndroidManifest.xml:9:3-88
21        android:name="android.hardware.touchscreen"
21-->src/main/AndroidManifest.xml:9:17-60
22        android:required="false" />
22-->src/main/AndroidManifest.xml:9:61-85
23    <uses-feature
23-->src/main/AndroidManifest.xml:10:3-99
24        android:name="android.hardware.touchscreen.multitouch"
24-->src/main/AndroidManifest.xml:10:17-71
25        android:required="false" />
25-->src/main/AndroidManifest.xml:10:72-96
26    <uses-feature
26-->src/main/AndroidManifest.xml:11:3-108
27        android:name="android.hardware.touchscreen.multitouch.distinct"
27-->src/main/AndroidManifest.xml:11:17-80
28        android:required="false" />
28-->src/main/AndroidManifest.xml:11:81-105
29    <uses-feature
29-->src/main/AndroidManifest.xml:35:3-111
30        android:name="android.hardware.vr.headtracking"
30-->src/main/AndroidManifest.xml:35:17-64
31        android:required="true"
31-->src/main/AndroidManifest.xml:35:65-88
32        android:version="1" />
32-->src/main/AndroidManifest.xml:35:89-108
33
34    <application android:extractNativeLibs="true" >
34-->src/main/AndroidManifest.xml:12:3-34:17
34-->src/main/AndroidManifest.xml:12:16-48
35        <meta-data
35-->src/main/AndroidManifest.xml:13:5-69
36            android:name="unity.splash-mode"
36-->src/main/AndroidManifest.xml:13:16-48
37            android:value="0" />
37-->src/main/AndroidManifest.xml:13:49-66
38        <meta-data
38-->src/main/AndroidManifest.xml:14:5-74
39            android:name="unity.splash-enable"
39-->src/main/AndroidManifest.xml:14:16-50
40            android:value="True" />
40-->src/main/AndroidManifest.xml:14:51-71
41        <meta-data
41-->src/main/AndroidManifest.xml:15:5-78
42            android:name="unity.launch-fullscreen"
42-->src/main/AndroidManifest.xml:15:16-54
43            android:value="True" />
43-->src/main/AndroidManifest.xml:15:55-75
44        <meta-data
44-->src/main/AndroidManifest.xml:16:5-84
45            android:name="unity.render-outside-safearea"
45-->src/main/AndroidManifest.xml:16:16-60
46            android:value="True" />
46-->src/main/AndroidManifest.xml:16:61-81
47        <meta-data
47-->src/main/AndroidManifest.xml:17:5-81
48            android:name="notch.config"
48-->src/main/AndroidManifest.xml:17:16-43
49            android:value="portrait|landscape" />
49-->src/main/AndroidManifest.xml:17:44-78
50        <meta-data
50-->src/main/AndroidManifest.xml:18:5-84
51            android:name="unity.auto-report-fully-drawn"
51-->src/main/AndroidManifest.xml:18:16-60
52            android:value="true" />
52-->src/main/AndroidManifest.xml:18:61-81
53
54        <activity
54-->src/main/AndroidManifest.xml:19:5-28:16
55            android:name="com.unity3d.player.UnityPlayerActivity"
55-->src/main/AndroidManifest.xml:19:15-68
56            android:configChanges="keyboard|keyboardHidden|navigation|orientation|screenLayout|screenSize|uiMode|density"
56-->src/main/AndroidManifest.xml:19:204-313
57            android:exported="true"
57-->src/main/AndroidManifest.xml:19:385-408
58            android:hardwareAccelerated="false"
58-->src/main/AndroidManifest.xml:19:349-384
59            android:launchMode="singleTask"
59-->src/main/AndroidManifest.xml:19:172-203
60            android:resizeableActivity="false"
60-->src/main/AndroidManifest.xml:19:314-348
61            android:screenOrientation="landscape"
61-->src/main/AndroidManifest.xml:19:134-171
62            android:theme="@android:style/Theme.Black.NoTitleBar.Fullscreen" >
62-->src/main/AndroidManifest.xml:19:69-133
63            <intent-filter>
63-->src/main/AndroidManifest.xml:20:7-24:23
64                <category android:name="android.intent.category.LAUNCHER" />
64-->src/main/AndroidManifest.xml:21:9-69
64-->src/main/AndroidManifest.xml:21:19-66
65
66                <action android:name="android.intent.action.MAIN" />
66-->src/main/AndroidManifest.xml:22:9-61
66-->src/main/AndroidManifest.xml:22:17-58
67
68                <category android:name="com.oculus.intent.category.VR" />
68-->src/main/AndroidManifest.xml:23:9-66
68-->src/main/AndroidManifest.xml:23:19-63
69            </intent-filter>
70
71            <meta-data
71-->src/main/AndroidManifest.xml:25:7-82
72                android:name="unityplayer.UnityActivity"
72-->src/main/AndroidManifest.xml:25:18-58
73                android:value="true" />
73-->src/main/AndroidManifest.xml:25:59-79
74            <meta-data
74-->src/main/AndroidManifest.xml:26:7-70
75                android:name="notch_support"
75-->src/main/AndroidManifest.xml:26:18-46
76                android:value="true" />
76-->src/main/AndroidManifest.xml:26:47-67
77            <meta-data
77-->src/main/AndroidManifest.xml:27:7-81
78                android:name="com.oculus.vr.focusaware"
78-->src/main/AndroidManifest.xml:27:18-57
79                android:value="true" />
79-->src/main/AndroidManifest.xml:27:58-78
80        </activity>
81
82        <meta-data
82-->src/main/AndroidManifest.xml:29:5-97
83            android:name="com.samsung.android.vr.application.mode"
83-->src/main/AndroidManifest.xml:29:16-70
84            android:value="vr_only" />
84-->src/main/AndroidManifest.xml:29:71-94
85        <meta-data
85-->src/main/AndroidManifest.xml:30:5-91
86            android:name="com.unity.xr.oculus.LowOverheadMode"
86-->src/main/AndroidManifest.xml:30:16-66
87            android:value="false" />
87-->src/main/AndroidManifest.xml:30:67-88
88        <meta-data
88-->src/main/AndroidManifest.xml:31:5-88
89            android:name="com.unity.xr.oculus.LateLatching"
89-->src/main/AndroidManifest.xml:31:16-63
90            android:value="false" />
90-->src/main/AndroidManifest.xml:31:64-85
91        <meta-data
91-->src/main/AndroidManifest.xml:32:5-93
92            android:name="com.unity.xr.oculus.LateLatchingDebug"
92-->src/main/AndroidManifest.xml:32:16-68
93            android:value="false" />
93-->src/main/AndroidManifest.xml:32:69-90
94        <meta-data
94-->src/main/AndroidManifest.xml:33:5-92
95            android:name="com.oculus.supportedDevices"
95-->src/main/AndroidManifest.xml:33:16-58
96            android:value="quest2|cambria" />
96-->src/main/AndroidManifest.xml:33:59-89
97    </application>
98
99</manifest>